<?xml version="1.0" encoding="UTF-8" ?>
<testsuite tests="29" failures="0" name="Utilities.TestRunner" time="1.412" errors="0" skipped="0">
  <properties>
[...]
</properties>
  <testcase classname="Scenario: Open an Estimate. Update Qty from line item and Verify new Total and Taxes." name="Given I login to Application" time="0.005"/>
  <testcase classname="Scenario: Open an Estimate. Update Qty from line item and Verify new Total and Taxes." name="And I click on &quot;Login.SignIn&quot;" time="0"/>
  <testcase classname="Scenario: Open an Estimate. Update Qty from line item and Verify new Total and Taxes." name="Then I verify &quot;Common.LandingPage&quot;" time="0.005"/>
  <testcase classname="Scenario: Open an Estimate. Update Qty from line item and Verify new Total and Taxes." name="When I click on &quot;Common.Estimates&quot;" time="0"/>
  <testcase classname="Scenario: Open an Estimate. Update Qty from line item and Verify new Total and Taxes." name="And I wait for &quot;1&quot; seconds" time="0"/>
  <testcase classname="Scenario: Open an Estimate. Update Qty from line item and Verify new Total and Taxes." name="And I verify &quot;Estimates.EstimateSearchPage&quot;" time="0"/>
  <testcase classname="Scenario: Open an Estimate. Update Qty from line item and Verify new Total and Taxes." name="And I click on &quot;Common.ClearFilters&quot;" time="0"/>
  <testcase classname="Scenario: Open an Estimate. Update Qty from line item and Verify new Total and Taxes." name="And I wait for &quot;1&quot; seconds" time="0"/>
  <testcase classname="Scenario: Open an Estimate. Update Qty from line item and Verify new Total and Taxes." name="And I click on &quot;Estimates.EstimateNumberCreated&quot;" time="0"/>
  <testcase classname="Scenario: Open an Estimate. Update Qty from line item and Verify new Total and Taxes." name="And I wait till &quot;Common.Loading&quot; is &quot;Invisible&quot;" time="0"/>
  <testcase classname="Scenario: Open an Estimate. Update Qty from line item and Verify new Total and Taxes." name="And I verify &quot;Estimates.CustomerInputBox&quot;" time="0"/>
  <testcase classname="Scenario: Open an Estimate. Update Qty from line item and Verify new Total and Taxes." name="And I wait for &quot;2&quot; seconds" time="0"/>
  <testcase classname="Scenario: Open an Estimate. Update Qty from line item and Verify new Total and Taxes." name="Then I click on &quot;Data:Common.DepartmentMenu&quot;" time="0"/>
  <testcase classname="Scenario: Open an Estimate. Update Qty from line item and Verify new Total and Taxes." name="And I wait till &quot;Common.Loading&quot; is &quot;Invisible&quot;" time="0"/>
  <testcase classname="Scenario: Open an Estimate. Update Qty from line item and Verify new Total and Taxes." name="And I clear the text &quot;0:Common.QuantityTextBox&quot;" time="0"/>
  <testcase classname="Scenario: Open an Estimate. Update Qty from line item and Verify new Total and Taxes." name="And I wait for &quot;2&quot; seconds" time="0"/>
  <testcase classname="Scenario: Open an Estimate. Update Qty from line item and Verify new Total and Taxes." name="And I enter &quot;588.321&quot; in &quot;0:Common.QuantityTextBox&quot;" time="0"/>
  <testcase classname="Scenario: Open an Estimate. Update Qty from line item and Verify new Total and Taxes." name="And I wait for &quot;2&quot; seconds" time="0"/>
  <testcase classname="Scenario: Open an Estimate. Update Qty from line item and Verify new Total and Taxes." name="And I click on &quot;0:Common.UnitPriceTextBox&quot;" time="0"/>
  <testcase classname="Scenario: Open an Estimate. Update Qty from line item and Verify new Total and Taxes." name="And I verify &quot;Keep existing Unit Price?:Common.UnitPricePopUp&quot;" time="0"/>
  <testcase classname="Scenario: Open an Estimate. Update Qty from line item and Verify new Total and Taxes." name="And I wait for &quot;5&quot; seconds" time="0"/>
  <testcase classname="Scenario: Open an Estimate. Update Qty from line item and Verify new Total and Taxes." name="And I click on &quot;Common.UnitPriceUpdateNoBtn&quot;" time="0"/>
  <testcase classname="Scenario: Open an Estimate. Update Qty from line item and Verify new Total and Taxes." name="And I wait for &quot;2&quot; seconds" time="0"/>
  <testcase classname="Scenario: Open an Estimate. Update Qty from line item and Verify new Total and Taxes." name="And I click on &quot;Save:Common.Button&quot;" time="0"/>
  <testcase classname="Scenario: Open an Estimate. Update Qty from line item and Verify new Total and Taxes." name="And I wait for &quot;1&quot; seconds" time="0"/>
  <testcase classname="Scenario: Open an Estimate. Update Qty from line item and Verify new Total and Taxes." name="Then checked &quot;13469.15&quot; in &quot;Total &amp; Tax:Common.TotalAndTaxes&quot;" time="0"/>
  <testcase classname="Scenario: Open an Estimate. Update Qty from line item and Verify new Total and Taxes." name="And I click on &quot;Save &amp; Close:Common.Button&quot;" time="0"/>
  <testcase classname="Scenario: Open an Estimate. Update Qty from line item and Verify new Total and Taxes." name="And I click on &quot;Common.Estimates&quot;" time="0"/>
  <testcase classname="Scenario: Open an Estimate. Update Qty from line item and Verify new Total and Taxes." name="Scenario: Open an Estimate. Update Qty from line item and Verify new Total and Taxes." time="1.402"/>
</testsuite>